[2020-06-18 12:47:57] local.ERROR: Symfony\Component\Debug\Exception\FatalThrowableError: Class 'App\UserFeedback' not found in /opt/lampp/htdocs/api_hiber/v2/app/Http/Controllers/V1/ProviderProjectController.php:28
Stack trace:
#0 [internal function]: App\Http\Controllers\V1\ProviderProjectController->getRatingShow('30')
#1 /opt/lampp/htdocs/api_hiber/v2/vendor/illuminate/container/BoundMethod.php(32): call_user_func_array(Array, Array)
#2 /opt/lampp/htdocs/api_hiber/v2/vendor/illuminate/container/Util.php(36): Illuminate\Container\BoundMethod::Illuminate\Container\{closure}()
#3 /opt/lampp/htdocs/api_hiber/v2/vendor/illuminate/container/BoundMethod.php(90): Illuminate\Container\Util::unwrapIfClosure(Object(Closure))
#4 /opt/lampp/htdocs/api_hiber/v2/vendor/illuminate/container/BoundMethod.php(34): Illuminate\Container\BoundMethod::callBoundMethod(Object(Laravel\Lumen\Application), Array, Object(Closure))
#5 /opt/lampp/htdocs/api_hiber/v2/vendor/illuminate/container/Container.php(590): Illuminate\Container\BoundMethod::call(Object(Laravel\Lumen\Application), Array, Array, NULL)
#6 /opt/lampp/htdocs/api_hiber/v2/vendor/laravel/lumen-framework/src/Concerns/RoutesRequests.php(376): Illuminate\Container\Container->call(Array, Array)
#7 /opt/lampp/htdocs/api_hiber/v2/vendor/laravel/lumen-framework/src/Concerns/RoutesRequests.php(342): Laravel\Lumen\Application->callControllerCallable(Array, Array)
#8 /opt/lampp/htdocs/api_hiber/v2/vendor/laravel/lumen-framework/src/Concerns/RoutesRequests.php(316): Laravel\Lumen\Application->callLumenController(Object(App\Http\Controllers\V1\ProviderProjectController), 'getRatingShow', Array)
#9 /opt/lampp/htdocs/api_hiber/v2/vendor/laravel/lumen-framework/src/Concerns/RoutesRequests.php(278): Laravel\Lumen\Application->callControllerAction(Array)
#10 /opt/lampp/htdocs/api_hiber/v2/vendor/laravel/lumen-framework/src/Concerns/RoutesRequests.php(258): Laravel\Lumen\Application->callActionOnArrayBasedRoute(Array)
#11 [internal function]: Laravel\Lumen\Application->Laravel\Lumen\Concerns\{closure}(Object(Laravel\Lumen\Http\Request))
#12 /opt/lampp/htdocs/api_hiber/v2/vendor/laravel/lumen-framework/src/Routing/Pipeline.php(52): call_user_func(Object(Closure), Object(Laravel\Lumen\Http\Request))
#13 /opt/lampp/htdocs/api_hiber/v2/app/Http/Middleware/DronerMiddleware.php(45): Laravel\Lumen\Routing\Pipeline->Laravel\Lumen\Routing\{closure}(Object(Laravel\Lumen\Http\Request))
#14 /opt/lampp/htdocs/api_hiber/v2/vendor/illuminate/pipeline/Pipeline.php(171): App\Http\Middleware\DronerMiddleware->handle(Object(Laravel\Lumen\Http\Request), Object(Closure))
#15 [internal function]: Illuminate\Pipeline\Pipeline->Illuminate\Pipeline\{closure}(Object(Laravel\Lumen\Http\Request))
#16 /opt/lampp/htdocs/api_hiber/v2/vendor/laravel/lumen-framework/src/Routing/Pipeline.php(32): call_user_func(Object(Closure), Object(Laravel\Lumen\Http\Request))
#17 /opt/lampp/htdocs/api_hiber/v2/app/Http/Middleware/Authenticate.php(43): Laravel\Lumen\Routing\Pipeline->Laravel\Lumen\Routing\{closure}(Object(Laravel\Lumen\Http\Request))
#18 /opt/lampp/htdocs/api_hiber/v2/vendor/illuminate/pipeline/Pipeline.php(171): App\Http\Middleware\Authenticate->handle(Object(Laravel\Lumen\Http\Request), Object(Closure), 'api')
#19 [internal function]: Illuminate\Pipeline\Pipeline->Illuminate\Pipeline\{closure}(Object(Laravel\Lumen\Http\Request))
#20 /opt/lampp/htdocs/api_hiber/v2/vendor/laravel/lumen-framework/src/Routing/Pipeline.php(32): call_user_func(Object(Closure), Object(Laravel\Lumen\Http\Request))
#21 /opt/lampp/htdocs/api_hiber/v2/vendor/illuminate/pipeline/Pipeline.php(105): Laravel\Lumen\Routing\Pipeline->Laravel\Lumen\Routing\{closure}(Object(Laravel\Lumen\Http\Request))
#22 /opt/lampp/htdocs/api_hiber/v2/vendor/laravel/lumen-framework/src/Concerns/RoutesRequests.php(413): Illuminate\Pipeline\Pipeline->then(Object(Closure))
#23 /opt/lampp/htdocs/api_hiber/v2/vendor/laravel/lumen-framework/src/Concerns/RoutesRequests.php(259): Laravel\Lumen\Application->sendThroughPipeline(Array, Object(Closure))
#24 /opt/lampp/htdocs/api_hiber/v2/vendor/laravel/lumen-framework/src/Concerns/RoutesRequests.php(233): Laravel\Lumen\Application->handleFoundRoute(Array)
#25 /opt/lampp/htdocs/api_hiber/v2/vendor/laravel/lumen-framework/src/Concerns/RoutesRequests.php(169): Laravel\Lumen\Application->handleDispatcherResponse(Array)
#26 [internal function]: Laravel\Lumen\Application->Laravel\Lumen\Concerns\{closure}(Object(Laravel\Lumen\Http\Request))
#27 /opt/lampp/htdocs/api_hiber/v2/vendor/laravel/lumen-framework/src/Routing/Pipeline.php(52): call_user_func(Object(Closure), Object(Laravel\Lumen\Http\Request))
#28 /opt/lampp/htdocs/api_hiber/v2/app/Http/Middleware/ExampleMiddleware.php(18): Laravel\Lumen\Routing\Pipeline->Laravel\Lumen\Routing\{closure}(Object(Laravel\Lumen\Http\Request))
#29 /opt/lampp/htdocs/api_hiber/v2/vendor/illuminate/pipeline/Pipeline.php(171): App\Http\Middleware\ExampleMiddleware->handle(Object(Laravel\Lumen\Http\Request), Object(Closure))
#30 [internal function]: Illuminate\Pipeline\Pipeline->Illuminate\Pipeline\{closure}(Object(Laravel\Lumen\Http\Request))
#31 /opt/lampp/htdocs/api_hiber/v2/vendor/laravel/lumen-framework/src/Routing/Pipeline.php(32): call_user_func(Object(Closure), Object(Laravel\Lumen\Http\Request))
#32 /opt/lampp/htdocs/api_hiber/v2/vendor/illuminate/pipeline/Pipeline.php(105): Laravel\Lumen\Routing\Pipeline->Laravel\Lumen\Routing\{closure}(Object(Laravel\Lumen\Http\Request))
#33 /opt/lampp/htdocs/api_hiber/v2/vendor/laravel/lumen-framework/src/Concerns/RoutesRequests.php(413): Illuminate\Pipeline\Pipeline->then(Object(Closure))
#34 /opt/lampp/htdocs/api_hiber/v2/vendor/laravel/lumen-framework/src/Concerns/RoutesRequests.php(171): Laravel\Lumen\Application->sendThroughPipeline(Array, Object(Closure))
#35 /opt/lampp/htdocs/api_hiber/v2/vendor/laravel/lumen-framework/src/Concerns/RoutesRequests.php(108): Laravel\Lumen\Application->dispatch(NULL)
#36 /opt/lampp/htdocs/api_hiber/v2/public/index.php(28): Laravel\Lumen\Application->run()
#37 {main} {"exception":"[object] (Symfony\\Component\\Debug\\Exception\\FatalThrowableError(code: 0): Class 'App\\UserFeedback' not found at /opt/lampp/htdocs/api_hiber/v2/app/Http/Controllers/V1/ProviderProjectController.php:28)
[stacktrace]
#0 [internal function]: App\\Http\\Controllers\\V1\\ProviderProjectController->getRatingShow('30')
#1 /opt/lampp/htdocs/api_hiber/v2/vendor/illuminate/container/BoundMethod.php(32): call_user_func_array(Array, Array)
#2 /opt/lampp/htdocs/api_hiber/v2/vendor/illuminate/container/Util.php(36): Illuminate\\Container\\BoundMethod::Illuminate\\Container\\{closure}()
#3 /opt/lampp/htdocs/api_hiber/v2/vendor/illuminate/container/BoundMethod.php(90): Illuminate\\Container\\Util::unwrapIfClosure(Object(Closure))
#4 /opt/lampp/htdocs/api_hiber/v2/vendor/illuminate/container/BoundMethod.php(34): Illuminate\\Container\\BoundMethod::callBoundMethod(Object(Laravel\\Lumen\\Application), Array, Object(Closure))
#5 /opt/lampp/htdocs/api_hiber/v2/vendor/illuminate/container/Container.php(590): Illuminate\\Container\\BoundMethod::call(Object(Laravel\\Lumen\\Application), Array, Array, NULL)
#6 /opt/lampp/htdocs/api_hiber/v2/vendor/laravel/lumen-framework/src/Concerns/RoutesRequests.php(376): Illuminate\\Container\\Container->call(Array, Array)
#7 /opt/lampp/htdocs/api_hiber/v2/vendor/laravel/lumen-framework/src/Concerns/RoutesRequests.php(342): Laravel\\Lumen\\Application->callControllerCallable(Array, Array)
#8 /opt/lampp/htdocs/api_hiber/v2/vendor/laravel/lumen-framework/src/Concerns/RoutesRequests.php(316): Laravel\\Lumen\\Application->callLumenController(Object(App\\Http\\Controllers\\V1\\ProviderProjectController), 'getRatingShow', Array)
#9 /opt/lampp/htdocs/api_hiber/v2/vendor/laravel/lumen-framework/src/Concerns/RoutesRequests.php(278): Laravel\\Lumen\\Application->callControllerAction(Array)
#10 /opt/lampp/htdocs/api_hiber/v2/vendor/laravel/lumen-framework/src/Concerns/RoutesRequests.php(258): Laravel\\Lumen\\Application->callActionOnArrayBasedRoute(Array)
#11 [internal function]: Laravel\\Lumen\\Application->Laravel\\Lumen\\Concerns\\{closure}(Object(Laravel\\Lumen\\Http\\Request))
#12 /opt/lampp/htdocs/api_hiber/v2/vendor/laravel/lumen-framework/src/Routing/Pipeline.php(52): call_user_func(Object(Closure), Object(Laravel\\Lumen\\Http\\Request))
#13 /opt/lampp/htdocs/api_hiber/v2/app/Http/Middleware/DronerMiddleware.php(45): Laravel\\Lumen\\Routing\\Pipeline->Laravel\\Lumen\\Routing\\{closure}(Object(Laravel\\Lumen\\Http\\Request))
#14 /opt/lampp/htdocs/api_hiber/v2/vendor/illuminate/pipeline/Pipeline.php(171): App\\Http\\Middleware\\DronerMiddleware->handle(Object(Laravel\\Lumen\\Http\\Request), Object(Closure))
#15 [internal function]: Illuminate\\Pipeline\\Pipeline->Illuminate\\Pipeline\\{closure}(Object(Laravel\\Lumen\\Http\\Request))
#16 /opt/lampp/htdocs/api_hiber/v2/vendor/laravel/lumen-framework/src/Routing/Pipeline.php(32): call_user_func(Object(Closure), Object(Laravel\\Lumen\\Http\\Request))
#17 /opt/lampp/htdocs/api_hiber/v2/app/Http/Middleware/Authenticate.php(43): Laravel\\Lumen\\Routing\\Pipeline->Laravel\\Lumen\\Routing\\{closure}(Object(Laravel\\Lumen\\Http\\Request))
#18 /opt/lampp/htdocs/api_hiber/v2/vendor/illuminate/pipeline/Pipeline.php(171): App\\Http\\Middleware\\Authenticate->handle(Object(Laravel\\Lumen\\Http\\Request), Object(Closure), 'api')
#19 [internal function]: Illuminate\\Pipeline\\Pipeline->Illuminate\\Pipeline\\{closure}(Object(Laravel\\Lumen\\Http\\Request))
#20 /opt/lampp/htdocs/api_hiber/v2/vendor/laravel/lumen-framework/src/Routing/Pipeline.php(32): call_user_func(Object(Closure), Object(Laravel\\Lumen\\Http\\Request))
#21 /opt/lampp/htdocs/api_hiber/v2/vendor/illuminate/pipeline/Pipeline.php(105): Laravel\\Lumen\\Routing\\Pipeline->Laravel\\Lumen\\Routing\\{closure}(Object(Laravel\\Lumen\\Http\\Request))
#22 /opt/lampp/htdocs/api_hiber/v2/vendor/laravel/lumen-framework/src/Concerns/RoutesRequests.php(413): Illuminate\\Pipeline\\Pipeline->then(Object(Closure))
#23 /opt/lampp/htdocs/api_hiber/v2/vendor/laravel/lumen-framework/src/Concerns/RoutesRequests.php(259): Laravel\\Lumen\\Application->sendThroughPipeline(Array, Object(Closure))
#24 /opt/lampp/htdocs/api_hiber/v2/vendor/laravel/lumen-framework/src/Concerns/RoutesRequests.php(233): Laravel\\Lumen\\Application->handleFoundRoute(Array)
#25 /opt/lampp/htdocs/api_hiber/v2/vendor/laravel/lumen-framework/src/Concerns/RoutesRequests.php(169): Laravel\\Lumen\\Application->handleDispatcherResponse(Array)
#26 [internal function]: Laravel\\Lumen\\Application->Laravel\\Lumen\\Concerns\\{closure}(Object(Laravel\\Lumen\\Http\\Request))
#27 /opt/lampp/htdocs/api_hiber/v2/vendor/laravel/lumen-framework/src/Routing/Pipeline.php(52): call_user_func(Object(Closure), Object(Laravel\\Lumen\\Http\\Request))
#28 /opt/lampp/htdocs/api_hiber/v2/app/Http/Middleware/ExampleMiddleware.php(18): Laravel\\Lumen\\Routing\\Pipeline->Laravel\\Lumen\\Routing\\{closure}(Object(Laravel\\Lumen\\Http\\Request))
#29 /opt/lampp/htdocs/api_hiber/v2/vendor/illuminate/pipeline/Pipeline.php(171): App\\Http\\Middleware\\ExampleMiddleware->handle(Object(Laravel\\Lumen\\Http\\Request), Object(Closure))
#30 [internal function]: Illuminate\\Pipeline\\Pipeline->Illuminate\\Pipeline\\{closure}(Object(Laravel\\Lumen\\Http\\Request))
#31 /opt/lampp/htdocs/api_hiber/v2/vendor/laravel/lumen-framework/src/Routing/Pipeline.php(32): call_user_func(Object(Closure), Object(Laravel\\Lumen\\Http\\Request))
#32 /opt/lampp/htdocs/api_hiber/v2/vendor/illuminate/pipeline/Pipeline.php(105): Laravel\\Lumen\\Routing\\Pipeline->Laravel\\Lumen\\Routing\\{closure}(Object(Laravel\\Lumen\\Http\\Request))
#33 /opt/lampp/htdocs/api_hiber/v2/vendor/laravel/lumen-framework/src/Concerns/RoutesRequests.php(413): Illuminate\\Pipeline\\Pipeline->then(Object(Closure))
#34 /opt/lampp/htdocs/api_hiber/v2/vendor/laravel/lumen-framework/src/Concerns/RoutesRequests.php(171): Laravel\\Lumen\\Application->sendThroughPipeline(Array, Object(Closure))
#35 /opt/lampp/htdocs/api_hiber/v2/vendor/laravel/lumen-framework/src/Concerns/RoutesRequests.php(108): Laravel\\Lumen\\Application->dispatch(NULL)
#36 /opt/lampp/htdocs/api_hiber/v2/public/index.php(28): Laravel\\Lumen\\Application->run()
#37 {main}
"} 
